Using pre-set license
Built from '2020.3/release' branch; Version is '2020.3.15f2 (6cf78cb77498) revision 7141260'; Using compiler version '192528614'; Build Type 'Release'
OS: 'Windows 10 Pro; OS build 19043.1288; Version 2009; 64bit' Language: 'en' Physical Memory: 8060 MB
BatchMode: 1, IsHumanControllingUs: 0, StartBugReporterOnCrash: 0, Is64bit: 1, IsPro: 0

 COMMAND LINE ARGUMENTS:
C:\Program Files\Unity\Hub\Editor\2020.3.15f2\Editor\Unity.exe
-adb2
-batchMode
-noUpm
-name
AssetImportWorker0
-projectPath
D:/UNITY/Projects/DemoGamePro
-logFile
Logs/AssetImportWorker0.log
-srvPort
63354
Successfully changed project path to: D:/UNITY/Projects/DemoGamePro
D:/UNITY/Projects/DemoGamePro
Using Asset Import Pipeline V2.
Refreshing native plugins compatible for Editor in 77.09 ms, found 2 plugins.
Preloading 0 native plugins for Editor in 0.00 ms.
Initialize engine version: 2020.3.15f2 (6cf78cb77498)
[Subsystems] Discovering subsystems at path C:/Program Files/Unity/Hub/Editor/2020.3.15f2/Editor/Data/Resources/UnitySubsystems
[Subsystems] Discovering subsystems at path D:/UNITY/Projects/DemoGamePro/Assets
GfxDevice: creating device client; threaded=0
Direct3D:
    Version:  Direct3D 11.0 [level 11.0]
    Renderer: NVIDIA GeForce GTX 950M (ID=0x139a)
    Vendor:   
    VRAM:     4062 MB
    Driver:   21.21.13.7654
Initialize mono
Mono path[0] = 'C:/Program Files/Unity/Hub/Editor/2020.3.15f2/Editor/Data/Managed'
Mono path[1] = 'C:/Program Files/Unity/Hub/Editor/2020.3.15f2/Editor/Data/MonoBleedingEdge/lib/mono/unityjit'
Mono config path = 'C:/Program Files/Unity/Hub/Editor/2020.3.15f2/Editor/Data/MonoBleedingEdge/etc'
Using monoOptions --debugger-agent=transport=dt_socket,embedding=1,server=y,suspend=n,address=127.0.0.1:56916
Begin MonoManager ReloadAssembly
Registering precompiled unity dll's ...
Register platform support module: C:/Program Files/Unity/Hub/Editor/2020.3.15f2/Editor/Data/PlaybackEngines/WindowsStandaloneSupport/UnityEditor.WindowsStandalone.Extensions.dll
Registered in 0.003679 seconds.
Native extension for WindowsStandalone target not found
Refreshing native plugins compatible for Editor in 50.55 ms, found 2 plugins.
Preloading 0 native plugins for Editor in 0.00 ms.
Mono: successfully reloaded assembly
- Completed reload, in  1.718 seconds
Domain Reload Profiling:
	ReloadAssembly (1718ms)
		BeginReloadAssembly (124ms)
			ExecutionOrderSort (0ms)
			DisableScriptedObjects (0ms)
			BackupInstance (0ms)
			ReleaseScriptingObjects (0ms)
			CreateAndSetChildDomain (1ms)
		EndReloadAssembly (582ms)
			LoadAssemblies (120ms)
			RebuildTransferFunctionScriptingTraits (0ms)
			SetupTypeCache (221ms)
			ReleaseScriptCaches (0ms)
			RebuildScriptCaches (50ms)
			SetupLoadedEditorAssemblies (214ms)
				LogAssemblyErrors (0ms)
				InitializePlatformSupportModulesInManaged (6ms)
				SetLoadedEditorAssemblies (0ms)
				RefreshPlugins (51ms)
				BeforeProcessingInitializeOnLoad (8ms)
				ProcessInitializeOnLoadAttributes (112ms)
				ProcessInitializeOnLoadMethodAttributes (37ms)
				AfterProcessingInitializeOnLoad (0ms)
				EditorAssembliesLoaded (0ms)
			ExecutionOrderSort2 (0ms)
			AwakeInstancesAfterBackupRestoration (0ms)
Platform modules already initialized, skipping
Registering precompiled user dll's ...
Registered in 0.004174 seconds.
Begin MonoManager ReloadAssembly
Native extension for WindowsStandalone target not found
Refreshing native plugins compatible for Editor in 0.42 ms, found 2 plugins.
Preloading 0 native plugins for Editor in 0.00 ms.
Mono: successfully reloaded assembly
- Completed reload, in  1.611 seconds
Domain Reload Profiling:
	ReloadAssembly (1612ms)
		BeginReloadAssembly (222ms)
			ExecutionOrderSort (0ms)
			DisableScriptedObjects (5ms)
			BackupInstance (0ms)
			ReleaseScriptingObjects (0ms)
			CreateAndSetChildDomain (25ms)
		EndReloadAssembly (1282ms)
			LoadAssemblies (146ms)
			RebuildTransferFunctionScriptingTraits (0ms)
			SetupTypeCache (410ms)
			ReleaseScriptCaches (1ms)
			RebuildScriptCaches (62ms)
			SetupLoadedEditorAssemblies (550ms)
				LogAssemblyErrors (0ms)
				InitializePlatformSupportModulesInManaged (7ms)
				SetLoadedEditorAssemblies (1ms)
				RefreshPlugins (1ms)
				BeforeProcessingInitializeOnLoad (79ms)
				ProcessInitializeOnLoadAttributes (443ms)
				ProcessInitializeOnLoadMethodAttributes (7ms)
				AfterProcessingInitializeOnLoad (13ms)
				EditorAssembliesLoaded (0ms)
			ExecutionOrderSort2 (0ms)
			AwakeInstancesAfterBackupRestoration (8ms)
Platform modules already initialized, skipping
========================================================================
Worker process is ready to serve import requests
Launched and connected shader compiler UnityShaderCompiler.exe after 0.07 seconds
Refreshing native plugins compatible for Editor in 0.66 ms, found 2 plugins.
Preloading 0 native plugins for Editor in 0.00 ms.
Unloading 1762 Unused Serialized files (Serialized files now loaded: 0)
System memory in use before: 81.6 MB.
System memory in use after: 81.7 MB.

Unloading 19 unused Assets to reduce memory usage. Loaded Objects now: 2198.
Total: 4.149100 ms (FindLiveObjects: 0.303200 ms CreateObjectMapping: 0.117900 ms MarkObjects: 3.516100 ms  DeleteObjects: 0.210000 ms)

AssetImportParameters requested are different than current active one (requested -> active):
  custom:framework-win-MediaFoundation: 216162199b28c13a410421893ffa2e32 -> 
  custom:video-decoder-ogg-theora: a1e56fd34408186e4bbccfd4996cb3dc -> 
  custom:container-muxer-webm: aa71ff27fc2769a1b78a27578f13a17b -> 
  custom:container-demuxer-webm: 4f35f7cbe854078d1ac9338744f61a02 -> 
  custom:container-demuxer-ogg: 62fdf1f143b41e24485cea50d1cbac27 -> 
  custom:video-encoder-webm-vp8: eb34c28f22e8b96e1ab97ce403110664 -> 
  custom:video-decoder-webm-vp8: 9c59270c3fd7afecdb556c50c9e8de78 -> 
  custom:audio-decoder-ogg-vorbis: bf7c407c2cedff20999df2af8eb42d56 -> 
  custom:audio-encoder-webm-vorbis: bf7c407c2cedff20999df2af8eb42d56 -> 
========================================================================
Received Import Request.
  path: Assets/Material/Animation/DoorClose.anim
  artifactKey: Guid(e5b67907dea5f8d4d92865fb5f074e74) Importer(815301076,1909f56bfc062723c751e8b465ee728b)
Start importing Assets/Material/Animation/DoorClose.anim using Guid(e5b67907dea5f8d4d92865fb5f074e74) Importer(815301076,1909f56bfc062723c751e8b465ee728b)  -> (artifact id: '028b60b38234362ba05677f4d8e77280') in 0.084354 seconds 
  Import took 0.092013 seconds .

========================================================================
Received Import Request.
  Time since last request: 0.000297 seconds.
  path: Assets/Material/Animation/DoorBase.controller
  artifactKey: Guid(0e407471288d8cc439a113dcc45f2bca) Importer(815301076,1909f56bfc062723c751e8b465ee728b)
Start importing Assets/Material/Animation/DoorBase.controller using Guid(0e407471288d8cc439a113dcc45f2bca) Importer(815301076,1909f56bfc062723c751e8b465ee728b)  -> (artifact id: '839570d3db490b9fccf5177478a07244') in 0.008411 seconds 
  Import took 0.013985 seconds .

========================================================================
Received Import Request.
  Time since last request: 108.564838 seconds.
  path: Assets/Scenes/level2
  artifactKey: Guid(a3d9996151e48e648adec6bd3045259c) Importer(815301076,1909f56bfc062723c751e8b465ee728b)
Start importing Assets/Scenes/level2 using Guid(a3d9996151e48e648adec6bd3045259c) Importer(815301076,1909f56bfc062723c751e8b465ee728b)  -> (artifact id: '627a996fe5ad8683c328f827711c0608') in 0.005933 seconds 
  Import took 0.011647 seconds .

========================================================================
Received Import Request.
  Time since last request: 0.068813 seconds.
  path: Assets/Scenes/level2/NavMesh.asset
  artifactKey: Guid(2068395132ed0514590ac8da9d01b277) Importer(815301076,1909f56bfc062723c751e8b465ee728b)
Start importing Assets/Scenes/level2/NavMesh.asset using Guid(2068395132ed0514590ac8da9d01b277) Importer(815301076,1909f56bfc062723c751e8b465ee728b)  -> (artifact id: '7c84ff50f1dcac309572d71e138bb8a1') in 0.005315 seconds 
  Import took 0.012312 seconds .

========================================================================
Received Import Request.
  Time since last request: 8.064686 seconds.
  path: Assets/Script/DoorTrigger.cs
  artifactKey: Guid(dfc9e12691429e048834a77ed18250e2) Importer(815301076,1909f56bfc062723c751e8b465ee728b)
Start importing Assets/Script/DoorTrigger.cs using Guid(dfc9e12691429e048834a77ed18250e2) Importer(815301076,1909f56bfc062723c751e8b465ee728b)  -> (artifact id: '3477b8c65097c3920e726dba938ab2ee') in 0.010989 seconds 
  Import took 0.016998 seconds .

========================================================================
Received Import Request.
  Time since last request: 0.029455 seconds.
  path: Assets/Script/DoorTrigger.cs
  artifactKey: Guid(dfc9e12691429e048834a77ed18250e2) Importer(815301076,1909f56bfc062723c751e8b465ee728b)
Start importing Assets/Script/DoorTrigger.cs using Guid(dfc9e12691429e048834a77ed18250e2) Importer(815301076,1909f56bfc062723c751e8b465ee728b)  -> (artifact id: '3477b8c65097c3920e726dba938ab2ee') in 0.003925 seconds 
  Import took 0.009337 seconds .

========================================================================
Received Prepare
Registering precompiled user dll's ...
Registered in 0.007374 seconds.
Begin MonoManager ReloadAssembly
Native extension for WindowsStandalone target not found
Refreshing native plugins compatible for Editor in 0.41 ms, found 2 plugins.
Preloading 0 native plugins for Editor in 0.00 ms.
Mono: successfully reloaded assembly
- Completed reload, in  1.592 seconds
Domain Reload Profiling:
	ReloadAssembly (1592ms)
		BeginReloadAssembly (158ms)
			ExecutionOrderSort (0ms)
			DisableScriptedObjects (5ms)
			BackupInstance (0ms)
			ReleaseScriptingObjects (0ms)
			CreateAndSetChildDomain (40ms)
		EndReloadAssembly (1351ms)
			LoadAssemblies (127ms)
			RebuildTransferFunctionScriptingTraits (0ms)
			SetupTypeCache (373ms)
			ReleaseScriptCaches (3ms)
			RebuildScriptCaches (106ms)
			SetupLoadedEditorAssemblies (587ms)
				LogAssemblyErrors (0ms)
				InitializePlatformSupportModulesInManaged (6ms)
				SetLoadedEditorAssemblies (1ms)
				RefreshPlugins (1ms)
				BeforeProcessingInitializeOnLoad (63ms)
				ProcessInitializeOnLoadAttributes (501ms)
				ProcessInitializeOnLoadMethodAttributes (5ms)
				AfterProcessingInitializeOnLoad (10ms)
				EditorAssembliesLoaded (0ms)
			ExecutionOrderSort2 (0ms)
			AwakeInstancesAfterBackupRestoration (8ms)
Platform modules already initialized, skipping
Refreshing native plugins compatible for Editor in 0.44 ms, found 2 plugins.
Preloading 0 native plugins for Editor in 0.00 ms.
Unloading 1734 Unused Serialized files (Serialized files now loaded: 0)
System memory in use before: 79.3 MB.
System memory in use after: 79.4 MB.

Unloading 14 unused Assets to reduce memory usage. Loaded Objects now: 2201.
Total: 2.574000 ms (FindLiveObjects: 0.201300 ms CreateObjectMapping: 0.095700 ms MarkObjects: 2.191000 ms  DeleteObjects: 0.084300 ms)

AssetImportParameters requested are different than current active one (requested -> active):
  custom:framework-win-MediaFoundation: 216162199b28c13a410421893ffa2e32 -> 
  custom:video-decoder-ogg-theora: a1e56fd34408186e4bbccfd4996cb3dc -> 
  custom:container-muxer-webm: aa71ff27fc2769a1b78a27578f13a17b -> 
  custom:container-demuxer-webm: 4f35f7cbe854078d1ac9338744f61a02 -> 
  custom:container-demuxer-ogg: 62fdf1f143b41e24485cea50d1cbac27 -> 
  custom:video-encoder-webm-vp8: eb34c28f22e8b96e1ab97ce403110664 -> 
  custom:video-decoder-webm-vp8: 9c59270c3fd7afecdb556c50c9e8de78 -> 
  custom:audio-decoder-ogg-vorbis: bf7c407c2cedff20999df2af8eb42d56 -> 
  custom:audio-encoder-webm-vorbis: bf7c407c2cedff20999df2af8eb42d56 -> 
========================================================================
Received Import Request.
  Time since last request: 1698.416049 seconds.
  path: Assets/Scenes/level3/NavMesh.asset
  artifactKey: Guid(a1fd2b05ed9ea5645bce4ccb2fa1d753) Importer(815301076,1909f56bfc062723c751e8b465ee728b)
Start importing Assets/Scenes/level3/NavMesh.asset using Guid(a1fd2b05ed9ea5645bce4ccb2fa1d753) Importer(815301076,1909f56bfc062723c751e8b465ee728b)  -> (artifact id: '500678f6ac7e60e95bd722f3b2ba5d69') in 0.022059 seconds 
  Import took 0.032533 seconds .

========================================================================
Received Import Request.
  Time since last request: 6.779750 seconds.
  path: Assets/Scenes/level1.unity
  artifactKey: Guid(9fc0d4010bbf28b4594072e72b8655ab) Importer(815301076,1909f56bfc062723c751e8b465ee728b)
Start importing Assets/Scenes/level1.unity using Guid(9fc0d4010bbf28b4594072e72b8655ab) Importer(815301076,1909f56bfc062723c751e8b465ee728b)  -> (artifact id: '80c42855312d3db606dabae3eecd3454') in 0.004975 seconds 
  Import took 0.011214 seconds .

========================================================================
Received Import Request.
  Time since last request: 0.637557 seconds.
  path: Assets/Scenes/Home.unity
  artifactKey: Guid(42152e536a9f7414882fcdaf62797cd0) Importer(815301076,1909f56bfc062723c751e8b465ee728b)
Start importing Assets/Scenes/Home.unity using Guid(42152e536a9f7414882fcdaf62797cd0) Importer(815301076,1909f56bfc062723c751e8b465ee728b)  -> (artifact id: '0988fc583457656b8ab33e3973458f7d') in 0.004464 seconds 
  Import took 0.009360 seconds .

========================================================================
Received Import Request.
  Time since last request: 6.080167 seconds.
  path: Assets/Scenes/level2.unity
  artifactKey: Guid(17c4f8e6ee9ad9144adf1c1290f97a98) Importer(815301076,1909f56bfc062723c751e8b465ee728b)
Start importing Assets/Scenes/level2.unity using Guid(17c4f8e6ee9ad9144adf1c1290f97a98) Importer(815301076,1909f56bfc062723c751e8b465ee728b)  -> (artifact id: '60d646ef01e9c8e0b3e9be6d44cd808e') in 0.004948 seconds 
  Import took 0.010553 seconds .

========================================================================
Received Import Request.
  Time since last request: 1.770802 seconds.
  path: Assets/Scenes/level3.unity
  artifactKey: Guid(257edb1d0ceaf6a46b248b0350fa7d43) Importer(815301076,1909f56bfc062723c751e8b465ee728b)
Start importing Assets/Scenes/level3.unity using Guid(257edb1d0ceaf6a46b248b0350fa7d43) Importer(815301076,1909f56bfc062723c751e8b465ee728b)  -> (artifact id: '6c34f32e70133ef6b610bd2867d69477') in 0.006053 seconds 
  Import took 0.012603 seconds .

========================================================================
Received Import Request.
  Time since last request: 361.445160 seconds.
  path: Assets/Material/Animation/DoorOpen.anim
  artifactKey: Guid(de410dba3e9e07242a5868492c8880e0) Importer(815301076,1909f56bfc062723c751e8b465ee728b)
Start importing Assets/Material/Animation/DoorOpen.anim using Guid(de410dba3e9e07242a5868492c8880e0) Importer(815301076,1909f56bfc062723c751e8b465ee728b)  -> (artifact id: '358a3489084b8b077c7efc5bc0c427f4') in 0.009642 seconds 
  Import took 0.016717 seconds .

========================================================================
Received Prepare
Registering precompiled user dll's ...
Registered in 0.013516 seconds.
Begin MonoManager ReloadAssembly
Native extension for WindowsStandalone target not found
Refreshing native plugins compatible for Editor in 0.44 ms, found 2 plugins.
Preloading 0 native plugins for Editor in 0.00 ms.
Mono: successfully reloaded assembly
- Completed reload, in  1.312 seconds
Domain Reload Profiling:
	ReloadAssembly (1313ms)
		BeginReloadAssembly (147ms)
			ExecutionOrderSort (0ms)
			DisableScriptedObjects (6ms)
			BackupInstance (0ms)
			ReleaseScriptingObjects (0ms)
			CreateAndSetChildDomain (41ms)
		EndReloadAssembly (1089ms)
			LoadAssemblies (115ms)
			RebuildTransferFunctionScriptingTraits (0ms)
			SetupTypeCache (346ms)
			ReleaseScriptCaches (1ms)
			RebuildScriptCaches (49ms)
			SetupLoadedEditorAssemblies (464ms)
				LogAssemblyErrors (0ms)
				InitializePlatformSupportModulesInManaged (7ms)
				SetLoadedEditorAssemblies (1ms)
				RefreshPlugins (1ms)
				BeforeProcessingInitializeOnLoad (62ms)
				ProcessInitializeOnLoadAttributes (380ms)
				ProcessInitializeOnLoadMethodAttributes (5ms)
				AfterProcessingInitializeOnLoad (9ms)
				EditorAssembliesLoaded (0ms)
			ExecutionOrderSort2 (0ms)
			AwakeInstancesAfterBackupRestoration (9ms)
Platform modules already initialized, skipping
Refreshing native plugins compatible for Editor in 0.42 ms, found 2 plugins.
Preloading 0 native plugins for Editor in 0.00 ms.
Unloading 1734 Unused Serialized files (Serialized files now loaded: 0)
System memory in use before: 79.4 MB.
System memory in use after: 79.5 MB.

Unloading 14 unused Assets to reduce memory usage. Loaded Objects now: 2204.
Total: 2.696400 ms (FindLiveObjects: 0.178400 ms CreateObjectMapping: 0.066800 ms MarkObjects: 2.361000 ms  DeleteObjects: 0.088600 ms)

AssetImportParameters requested are different than current active one (requested -> active):
  custom:framework-win-MediaFoundation: 216162199b28c13a410421893ffa2e32 -> 
  custom:video-decoder-ogg-theora: a1e56fd34408186e4bbccfd4996cb3dc -> 
  custom:container-muxer-webm: aa71ff27fc2769a1b78a27578f13a17b -> 
  custom:container-demuxer-webm: 4f35f7cbe854078d1ac9338744f61a02 -> 
  custom:container-demuxer-ogg: 62fdf1f143b41e24485cea50d1cbac27 -> 
  custom:video-encoder-webm-vp8: eb34c28f22e8b96e1ab97ce403110664 -> 
  custom:video-decoder-webm-vp8: 9c59270c3fd7afecdb556c50c9e8de78 -> 
  custom:audio-decoder-ogg-vorbis: bf7c407c2cedff20999df2af8eb42d56 -> 
  custom:audio-encoder-webm-vorbis: bf7c407c2cedff20999df2af8eb42d56 -> 
========================================================================
Received Import Request.
  Time since last request: 715.891327 seconds.
  path: Assets/Scenes/level3.unity
  artifactKey: Guid(257edb1d0ceaf6a46b248b0350fa7d43) Importer(815301076,1909f56bfc062723c751e8b465ee728b)
Start importing Assets/Scenes/level3.unity using Guid(257edb1d0ceaf6a46b248b0350fa7d43) Importer(815301076,1909f56bfc062723c751e8b465ee728b)  -> (artifact id: 'b610cd4dca1c4920f1b0d1a1a531ab53') in 0.024498 seconds 
  Import took 0.030618 seconds .

========================================================================
Received Prepare
Registering precompiled user dll's ...
Registered in 0.003819 seconds.
Begin MonoManager ReloadAssembly
Native extension for WindowsStandalone target not found
Refreshing native plugins compatible for Editor in 0.42 ms, found 2 plugins.
Preloading 0 native plugins for Editor in 0.00 ms.
Mono: successfully reloaded assembly
- Completed reload, in  1.599 seconds
Domain Reload Profiling:
	ReloadAssembly (1600ms)
		BeginReloadAssembly (159ms)
			ExecutionOrderSort (0ms)
			DisableScriptedObjects (7ms)
			BackupInstance (0ms)
			ReleaseScriptingObjects (0ms)
			CreateAndSetChildDomain (40ms)
		EndReloadAssembly (1358ms)
			LoadAssemblies (123ms)
			RebuildTransferFunctionScriptingTraits (0ms)
			SetupTypeCache (357ms)
			ReleaseScriptCaches (1ms)
			RebuildScriptCaches (50ms)
			SetupLoadedEditorAssemblies (707ms)
				LogAssemblyErrors (0ms)
				InitializePlatformSupportModulesInManaged (7ms)
				SetLoadedEditorAssemblies (1ms)
				RefreshPlugins (1ms)
				BeforeProcessingInitializeOnLoad (67ms)
				ProcessInitializeOnLoadAttributes (616ms)
				ProcessInitializeOnLoadMethodAttributes (6ms)
				AfterProcessingInitializeOnLoad (10ms)
				EditorAssembliesLoaded (0ms)
			ExecutionOrderSort2 (0ms)
			AwakeInstancesAfterBackupRestoration (8ms)
Platform modules already initialized, skipping
Refreshing native plugins compatible for Editor in 0.42 ms, found 2 plugins.
Preloading 0 native plugins for Editor in 0.00 ms.
Unloading 1734 Unused Serialized files (Serialized files now loaded: 0)
System memory in use before: 79.4 MB.
System memory in use after: 79.5 MB.

Unloading 14 unused Assets to reduce memory usage. Loaded Objects now: 2207.
Total: 2.962600 ms (FindLiveObjects: 0.190600 ms CreateObjectMapping: 0.075500 ms MarkObjects: 2.616300 ms  DeleteObjects: 0.078900 ms)

AssetImportParameters requested are different than current active one (requested -> active):
  custom:framework-win-MediaFoundation: 216162199b28c13a410421893ffa2e32 -> 
  custom:video-decoder-ogg-theora: a1e56fd34408186e4bbccfd4996cb3dc -> 
  custom:container-muxer-webm: aa71ff27fc2769a1b78a27578f13a17b -> 
  custom:container-demuxer-webm: 4f35f7cbe854078d1ac9338744f61a02 -> 
  custom:container-demuxer-ogg: 62fdf1f143b41e24485cea50d1cbac27 -> 
  custom:video-encoder-webm-vp8: eb34c28f22e8b96e1ab97ce403110664 -> 
  custom:video-decoder-webm-vp8: 9c59270c3fd7afecdb556c50c9e8de78 -> 
  custom:audio-decoder-ogg-vorbis: bf7c407c2cedff20999df2af8eb42d56 -> 
  custom:audio-encoder-webm-vorbis: bf7c407c2cedff20999df2af8eb42d56 -> 
AssetImportWorkerClient::OnTransportError - code=2 error=End of file
